PressureMonitor/build/outputs/logs/manifest-merger-debug-report.txt
-- Merging decision tree log ---
manifest
ADDED from src\main\AndroidManifest.xml:2:1-75:12
	package
		ADDED from src\main\AndroidManifest.xml:3:5-25
		INJECTED from src\main\AndroidManifest.xml
		INJECTED from src\main\AndroidManifest.xml
	android:versionName
		ADDED from src\main\AndroidManifest.xml:5:5-30
		INJECTED from src\main\AndroidManifest.xml
		INJECTED from src\main\AndroidManifest.xml
	android:versionCode
		ADDED from src\main\AndroidManifest.xml:4:5-28
		INJECTED from src\main\AndroidManifest.xml
		INJECTED from src\main\AndroidManifest.xml
	xmlns:android
		ADDED from src\main\AndroidManifest.xml:2:11-69
uses-sdk
ADDED from src\main\AndroidManifest.xml:7:5-9:41
	android:targetSdkVersion
		ADDED from src\main\AndroidManifest.xml:9:9-38
		INJECTED from src\main\AndroidManifest.xml
		INJECTED from src\main\AndroidManifest.xml
	android:minSdkVersion
		ADDED from src\main\AndroidManifest.xml:8:9-35
		INJECTED from src\main\AndroidManifest.xml
		INJECTED from src\main\AndroidManifest.xml
uses-permission#android.permission.INTERNET
ADDED from src\main\AndroidManifest.xml:11:5-67
	android:name
		ADDED from src\main\AndroidManifest.xml:11:22-64
uses-permission#android.permission.RECEIVE_BOOT_COMPLETED
ADDED from src\main\AndroidManifest.xml:12:5-81
	android:name
		ADDED from src\main\AndroidManifest.xml:12:22-78
application
ADDED from src\main\AndroidManifest.xml:14:5-73:19
	android:label
		ADDED from src\main\AndroidManifest.xml:17:9-41
	android:allowBackup
		ADDED from src\main\AndroidManifest.xml:15:9-35
	android:icon
		ADDED from src\main\AndroidManifest.xml:16:9-45
	android:theme
		ADDED from src\main\AndroidManifest.xml:18:9-40
receiver#my.android.BootReceiver
ADDED from src\main\AndroidManifest.xml:19:9-26:20
	android:enabled
		ADDED from src\main\AndroidManifest.xml:21:13-35
	android:exported
		ADDED from src\main\AndroidManifest.xml:22:13-37
	android:name
		ADDED from src\main\AndroidManifest.xml:20:13-51
intent-filter#android.intent.action.BOOT_COMPLETED
ADDED from src\main\AndroidManifest.xml:23:13-25:29
action#android.intent.action.BOOT_COMPLETED
ADDED from src\main\AndroidManifest.xml:24:17-79
	android:name
		ADDED from src\main\AndroidManifest.xml:24:25-76
receiver#my.android.MyAppWidget
ADDED from src\main\AndroidManifest.xml:27:9-40:20
	android:label
		ADDED from src\main\AndroidManifest.xml:29:13-43
	android:name
		ADDED from src\main\AndroidManifest.xml:28:13-40
intent-filter#android.appwidget.action.APPWIDGET_UPDATE
ADDED from src\main\AndroidManifest.xml:30:13-32:29
action#android.appwidget.action.APPWIDGET_UPDATE
ADDED from src\main\AndroidManifest.xml:31:17-84
	android:name
		ADDED from src\main\AndroidManifest.xml:31:25-81
intent-filter#com.paad.chapter9.FORCE_WIDGET_UPDATE
ADDED from src\main\AndroidManifest.xml:33:13-35:29
action#com.paad.chapter9.FORCE_WIDGET_UPDATE
ADDED from src\main\AndroidManifest.xml:34:17-80
	android:name
		ADDED from src\main\AndroidManifest.xml:34:25-77
meta-data#android.appwidget.provider
ADDED from src\main\AndroidManifest.xml:37:13-39:62
	android:resource
		ADDED from src\main\AndroidManifest.xml:39:17-59
	android:name
		ADDED from src\main\AndroidManifest.xml:38:17-58
activity#my.android.MyWidgetConfigurationActivity
ADDED from src\main\AndroidManifest.xml:64:9-68:20
	android:name
		ADDED from src\main\AndroidManifest.xml:64:19-64
intent-filter#android.apwidget.action.APPWIDGET_CONFIGURE
ADDED from src\main\AndroidManifest.xml:65:13-67:29
action#android.apwidget.action.APPWIDGET_CONFIGURE
ADDED from src\main\AndroidManifest.xml:66:17-86
	android:name
		ADDED from src\main\AndroidManifest.xml:66:25-83
service#my.android.PressureUpdateService
ADDED from src\main\AndroidManifest.xml:70:9-72:38
	android:enabled
		ADDED from src\main\AndroidManifest.xml:72:13-35
	android:name
		ADDED from src\main\AndroidManifest.xml:71:13-50